<?xml version="1.0" encoding="UTF-8"?>
<!-- Generated by org.testng.reporters.JUnitXMLReporter -->
<testsuite ignored="0" hostname="PNVL70" failures="0" tests="6" name="Default test" time="44.688" errors="0" timestamp="27 Jan 2022 08:16:03 GMT">
  <testcase classname="Selenium.Xpath" name="TC_01_Register_Empty_Data" time="18.632"/>
  <testcase classname="Selenium.Xpath" name="TC_02_Register_Invalid_Email" time="4.36"/>
  <testcase classname="Selenium.Xpath" name="TC_03_Register_Incorrect_Email" time="4.834"/>
  <testcase classname="Selenium.Xpath" name="TC_04_Register_Password_Less_Than_6_Chars" time="5.579"/>
  <testcase classname="Selenium.Xpath" name="TC_05_Register_Incorrect_Password" time="4.112"/>
  <testcase classname="Selenium.Xpath" name="TC_06_Register_Invalid_Phone" time="4.201"/>
</testsuite> <!-- Default test -->
