<?xml version="1.0" encoding="UTF-8"?>
<testng-results ignored="0" total="6" passed="6" failed="0" skipped="0">
  <reporter-output>
  </reporter-output>
  <suite started-at="2022-01-27T08:15:18Z" name="Default suite" finished-at="2022-01-27T08:16:03Z" duration-ms="44688">
    <groups>
    </groups>
    <test started-at="2022-01-27T08:15:18Z" name="Default test" finished-at="2022-01-27T08:16:03Z" duration-ms="44688">
      <class name="Selenium.Xpath">
        <test-method is-config="true" signature="beforeClass()[pri:0, instance:Selenium.Xpath@5d99c6b5]" started-at="2022-01-27T08:15:18Z" name="beforeClass" finished-at="2022-01-27T08:15:20Z" duration-ms="1904" status="PASS">
          <reporter-output>
          </reporter-output>
        </test-method> <!-- beforeClass -->
        <test-method signature="TC_01_Register_Empty_Data()[pri:0, instance:Selenium.Xpath@5d99c6b5]" started-at="2022-01-27T08:15:20Z" name="TC_01_Register_Empty_Data" finished-at="2022-01-27T08:15:39Z" duration-ms="18632" status="PASS">
          <reporter-output>
          </reporter-output>
        </test-method> <!-- TC_01_Register_Empty_Data -->
        <test-method signature="TC_02_Register_Invalid_Email()[pri:0, instance:Selenium.Xpath@5d99c6b5]" started-at="2022-01-27T08:15:39Z" name="TC_02_Register_Invalid_Email" finished-at="2022-01-27T08:15:43Z" duration-ms="4360" status="PASS">
          <reporter-output>
          </reporter-output>
        </test-method> <!-- TC_02_Register_Invalid_Email -->
        <test-method signature="TC_03_Register_Incorrect_Email()[pri:0, instance:Selenium.Xpath@5d99c6b5]" started-at="2022-01-27T08:15:43Z" name="TC_03_Register_Incorrect_Email" finished-at="2022-01-27T08:15:48Z" duration-ms="4834" status="PASS">
          <reporter-output>
          </reporter-output>
        </test-method> <!-- TC_03_Register_Incorrect_Email -->
        <test-method signature="TC_04_Register_Password_Less_Than_6_Chars()[pri:0, instance:Selenium.Xpath@5d99c6b5]" started-at="2022-01-27T08:15:48Z" name="TC_04_Register_Password_Less_Than_6_Chars" finished-at="2022-01-27T08:15:53Z" duration-ms="5579" status="PASS">
          <reporter-output>
          </reporter-output>
        </test-method> <!-- TC_04_Register_Password_Less_Than_6_Chars -->
        <test-method signature="TC_05_Register_Incorrect_Password()[pri:0, instance:Selenium.Xpath@5d99c6b5]" started-at="2022-01-27T08:15:53Z" name="TC_05_Register_Incorrect_Password" finished-at="2022-01-27T08:15:57Z" duration-ms="4112" status="PASS">
          <reporter-output>
          </reporter-output>
        </test-method> <!-- TC_05_Register_Incorrect_Password -->
        <test-method signature="TC_06_Register_Invalid_Phone()[pri:0, instance:Selenium.Xpath@5d99c6b5]" started-at="2022-01-27T08:15:57Z" name="TC_06_Register_Invalid_Phone" finished-at="2022-01-27T08:16:02Z" duration-ms="4201" status="PASS">
          <reporter-output>
          </reporter-output>
        </test-method> <!-- TC_06_Register_Invalid_Phone -->
        <test-method is-config="true" signature="afterClass()[pri:0, instance:Selenium.Xpath@5d99c6b5]" started-at="2022-01-27T08:16:02Z" name="afterClass" finished-at="2022-01-27T08:16:03Z" duration-ms="1023" status="PASS">
          <reporter-output>
          </reporter-output>
        </test-method> <!-- afterClass -->
      </class> <!-- Selenium.Xpath -->
    </test> <!-- Default test -->
  </suite> <!-- Default suite -->
</testng-results>
